#
# A fatal error has been detected by the Java Runtime Environment:
#
#  EXCEPTION_ACCESS_VIOLATION (0xc0000005) at pc=0x000000006af0a0a5, pid=16084, tid=0x0000000000003d18
#
# JRE version: Java(TM) SE Runtime Environment (8.0_101-b13) (build 1.8.0_101-b13)
# Java VM: Java HotSpot(TM) 64-Bit Server VM (25.101-b13 mixed mode windows-amd64 compressed oops)
# Problematic frame:
# V  [jvm.dll+0x12a0a5]
#
# Failed to write core dump. Minidumps are not enabled by default on client versions of Windows
#
# If you would like to submit a bug report, please visit:
#   http://bugreport.java.com/bugreport/crash.jsp
#

---------------  T H R E A D  ---------------

Current thread (0x0000000015580000):  JavaThread "JDWP Transport Listener: dt_socket" daemon [_thread_in_vm, id=15640, stack(0x0000000016dd0000,0x0000000016ed0000)]

siginfo: ExceptionCode=0xc0000005, reading address 0xffffffffffffffff

Registers:
RAX=0x0000000016ecf101, RBX=0x0000000015580000, RCX=0x003b652a246e7552, RDX=0x0000000000000000
RSP=0x0000000016ecf170, RBP=0x003b652a246e7552, RSI=0x0000000016ecf288, RDI=0x0000000002d297e0
R8 =0x0000000015580000, R9 =0x0000000000000000, R10=0x0000000000000000, R11=0x0000000000000064
R12=0x0000000000000000, R13=0x000000001558c9b8, R14=0x0000000000000000, R15=0x0000000000000000
RIP=0x000000006af0a0a5, EFLAGS=0x0000000000010202

Top of Stack: (sp=0x0000000016ecf170)
0x0000000016ecf170:   0000000015580000 0000000015580000
0x0000000016ecf180:   0000000016ecf238 000000006b112f0b
0x0000000016ecf190:   0000000015580000 000000006b12f76d
0x0000000016ecf1a0:   0000000000000000 00000000679a9155
0x0000000016ecf1b0:   0000000015528610 00000000679b291e
0x0000000016ecf1c0:   0000000015580000 0000000000000000
0x0000000016ecf1d0:   0000000000000000 0000000000000000
0x0000000016ecf1e0:   003b652a246e7552 00000000679b1a15
0x0000000016ecf1f0:   0000000016ecf288 0000000016ecf260
0x0000000016ecf200:   0000000000000001 0000000015528610
0x0000000016ecf210:   003b652a246e7552 00000000679953b3
0x0000000016ecf220:   0000000016ecf350 0000000000000001
0x0000000016ecf230:   0000000000000001 0000000015528610
0x0000000016ecf240:   0000000000000009 0000000000000000
0x0000000016ecf250:   0000000000000000 0000000000000000
0x0000000016ecf260:   0000000000000001 0000000067995571 

Instructions: (pc=0x000000006af0a0a5)
0x000000006af0a085:   cc cc cc cc cc cc cc cc cc cc cc 48 83 ec 28 48
0x000000006af0a095:   85 c9 75 07 33 c0 48 83 c4 28 c3 48 89 5c 24 20
0x000000006af0a0a5:   48 8b 19 48 85 db 74 20 48 83 fb 37 74 1a 48 8b
0x000000006af0a0b5:   13 48 8b cb ff 52 10 84 c0 74 0d 48 8b c3 48 8b 


Register to memory mapping:

RAX=0x0000000016ecf101 is pointing into the stack for thread: 0x0000000015580000
RBX=0x0000000015580000 is a thread
RCX=0x003b652a246e7552 is an unknown value
RDX=0x0000000000000000 is an unknown value
RSP=0x0000000016ecf170 is pointing into the stack for thread: 0x0000000015580000
RBP=0x003b652a246e7552 is an unknown value
RSI=0x0000000016ecf288 is pointing into the stack for thread: 0x0000000015580000
RDI=0x0000000002d297e0 is an unknown value
R8 =0x0000000015580000 is a thread
R9 =0x0000000000000000 is an unknown value
R10=0x0000000000000000 is an unknown value
R11=0x0000000000000064 is an unknown value
R12=0x0000000000000000 is an unknown value
R13=0x000000001558c9b8 is an unknown value
R14=0x0000000000000000 is an unknown value
R15=0x0000000000000000 is an unknown value


Stack: [0x0000000016dd0000,0x0000000016ed0000],  sp=0x0000000016ecf170,  free space=1020k
Native frames: (J=compiled Java code, j=interpreted, Vv=VM code, C=native code)
V  [jvm.dll+0x12a0a5]
V  [jvm.dll+0x34f76d]
C  [jdwp.dll+0x21a15]
C  [jdwp.dll+0x53b3]
C  [jdwp.dll+0x5571]
C  [jdwp.dll+0xf0a8]
C  [jdwp.dll+0x1f2d5]
C  [jdwp.dll+0x1f4aa]
V  [jvm.dll+0x1bd258]
V  [jvm.dll+0x2451a4]
V  [jvm.dll+0x29c18a]
C  [msvcr100.dll+0x21d9f]
C  [msvcr100.dll+0x21e3b]
C  [KERNEL32.DLL+0x18102]
C  [ntdll.dll+0x5c5b4]


---------------  P R O C E S S  ---------------

Java Threads: ( => current thread )
  0x0000000016feb000 JavaThread "Thread-0" [_thread_in_native, id=2736, stack(0x00000000179d0000,0x0000000017ad0000)]
  0x0000000016f45000 JavaThread "Service Thread" daemon [_thread_blocked, id=4448, stack(0x00000000177d0000,0x00000000178d0000)]
  0x0000000016f3d000 JavaThread "C1 CompilerThread2" daemon [_thread_blocked, id=12472, stack(0x00000000176d0000,0x00000000177d0000)]
  0x0000000016f3a800 JavaThread "C2 CompilerThread1" daemon [_thread_blocked, id=12188, stack(0x00000000175d0000,0x00000000176d0000)]
  0x0000000016edf800 JavaThread "C2 CompilerThread0" daemon [_thread_blocked, id=3224, stack(0x00000000174d0000,0x00000000175d0000)]
  0x0000000016ed3800 JavaThread "JDWP Command Reader" daemon [_thread_in_native, id=15928, stack(0x00000000173d0000,0x00000000174d0000)]
  0x0000000016ed0800 JavaThread "JDWP Event Helper Thread" daemon [_thread_blocked, id=16984, stack(0x00000000172d0000,0x00000000173d0000)]
=>0x0000000015580000 JavaThread "JDWP Transport Listener: dt_socket" daemon [_thread_in_vm, id=15640, stack(0x0000000016dd0000,0x0000000016ed0000)]
  0x000000001557a800 JavaThread "Attach Listener" daemon [_thread_blocked, id=12088, stack(0x0000000016990000,0x0000000016a90000)]
  0x0000000015529800 JavaThread "Signal Dispatcher" daemon [_thread_blocked, id=4932, stack(0x0000000016890000,0x0000000016990000)]
  0x0000000002f2c000 JavaThread "Finalizer" daemon [_thread_blocked, id=6784, stack(0x0000000016790000,0x0000000016890000)]
  0x0000000002f21000 JavaThread "Reference Handler" daemon [_thread_blocked, id=14164, stack(0x0000000016690000,0x0000000016790000)]
  0x0000000002d2e800 JavaThread "main" [_thread_blocked, id=9568, stack(0x0000000002be0000,0x0000000002ce0000)]

Other Threads:
  0x00000000154f8000 VMThread [stack: 0x0000000016590000,0x0000000016690000] [id=8640]
  0x0000000016fcc800 WatcherThread [stack: 0x00000000178d0000,0x00000000179d0000] [id=4000]

VM state:not at safepoint (normal execution)

VM Mutex/Monitor currently owned by a thread: None

Heap:
 PSYoungGen      total 18944K, used 2293K [0x00000000eb200000, 0x00000000ec700000, 0x0000000100000000)
  eden space 16384K, 14% used [0x00000000eb200000,0x00000000eb43d7b8,0x00000000ec200000)
  from space 2560K, 0% used [0x00000000ec480000,0x00000000ec480000,0x00000000ec700000)
  to   space 2560K, 0% used [0x00000000ec200000,0x00000000ec200000,0x00000000ec480000)
 ParOldGen       total 44032K, used 0K [0x00000000c1600000, 0x00000000c4100000, 0x00000000eb200000)
  object space 44032K, 0% used [0x00000000c1600000,0x00000000c1600000,0x00000000c4100000)
 Metaspace       used 3143K, capacity 4888K, committed 5120K, reserved 1056768K
  class space    used 354K, capacity 456K, committed 512K, reserved 1048576K

Card table byte_map: [0x00000000122f0000,0x00000000124f0000] byte_map_base: 0x0000000011ce5000

Marking Bits: (ParMarkBitMap*) 0x000000006b5fa6d0
 Begin Bits: [0x0000000012a40000, 0x00000000139e8000)
 End Bits:   [0x00000000139e8000, 0x0000000014990000)

Polling page: 0x0000000001340000

CodeCache: size=245760Kb used=1163Kb max_used=1163Kb free=244596Kb
 bounds [0x0000000002f30000, 0x00000000031a0000, 0x0000000011f30000]
 total_blobs=288 nmethods=60 adapters=149
 compilation: enabled

Compilation events (10 events):
Event: 0.826 Thread 0x0000000016f3d000   55       3       sun.nio.cs.SingleByte$Encoder::encode (32 bytes)
Event: 0.827 Thread 0x0000000016f3d000 nmethod 55 0x0000000003051090 code [0x0000000003051200, 0x0000000003051410]
Event: 20.500 Thread 0x0000000016f3d000   56       1       java.net.URL::getQuery (5 bytes)
Event: 20.500 Thread 0x0000000016f3d000 nmethod 56 0x0000000003051750 code [0x00000000030518a0, 0x00000000030519b0]
Event: 20.504 Thread 0x0000000016f3d000   57       1       java.net.URL::getPort (5 bytes)
Event: 20.504 Thread 0x0000000016f3d000 nmethod 57 0x0000000003052010 code [0x0000000003052160, 0x0000000003052270]
Event: 20.504 Thread 0x0000000016f3d000   58       3       java.lang.StringBuilder::toString (17 bytes)
Event: 20.505 Thread 0x0000000016f3d000 nmethod 58 0x00000000030522d0 code [0x0000000003052440, 0x0000000003052648]
Event: 3134.578 Thread 0x0000000016f3d000   59       3       java.lang.String::endsWith (17 bytes)
Event: 3134.579 Thread 0x0000000016f3d000 nmethod 59 0x0000000003052710 code [0x0000000003052880, 0x0000000003052ac8]

GC Heap History (0 events):
No events

Deoptimization events (0 events):
No events

Internal exceptions (2 events):
Event: 0.148 Thread 0x0000000002d2e800 Exception <a 'java/lang/NoSuchMethodError': Method sun.misc.Unsafe.defineClass(Ljava/lang/String;[BII)Ljava/lang/Class; name or signature does not match> (0x00000000eb207cc0) thrown at [C:\re\workspace\8-2-build-windows-amd64-cygwin\jdk8u101\7261\hotspot\s&ä2<þÂ?
Event: 0.148 Thread 0x0000000002d2e800 Exception <a 'java/lang/NoSuchMethodError': Method sun.misc.Unsafe.prefetchRead(Ljava/lang/Object;J)V name or signature does not match> (0x00000000eb207fa8) thrown at [C:\re\workspace\8-2-build-windows-amd64-cygwin\jdk8u101\7261\hotspot\src\share\vm\prims\

Events (10 events):
Event: 2499.573 Executing VM operation: ChangeBreakpoints
Event: 2499.573 Executing VM operation: ChangeBreakpoints done
Event: 2499.576 Executing VM operation: ChangeBreakpoints
Event: 2499.576 Executing VM operation: ChangeBreakpoints done
Event: 3134.575 loading class io/MyCompressorOutputStream
Event: 3134.575 loading class io/MyCompressorOutputStream done
Event: 3134.583 loading class io/MyDecompressorInputStream
Event: 3134.583 loading class io/MyDecompressorInputStream done
Event: 3134.588 Executing VM operation: RedefineClasses
Event: 3134.589 Executing VM operation: RedefineClasses done


Dynamic libraries:
0x00007ff6b8d70000 - 0x00007ff6b8da7000 	C:\Program Files\Java\jdk1.8.0_101\bin\javaw.exe
0x00007fff78cc0000 - 0x00007fff78e81000 	C:\WINDOWS\SYSTEM32\ntdll.dll
0x00007fff788a0000 - 0x00007fff7894d000 	C:\WINDOWS\system32\KERNEL32.DLL
0x00007fff75c60000 - 0x00007fff75e48000 	C:\WINDOWS\system32\KERNELBASE.dll
0x00007fff78bb0000 - 0x00007fff78c57000 	C:\WINDOWS\system32\ADVAPI32.dll
0x00007fff766a0000 - 0x00007fff7673d000 	C:\WINDOWS\system32\msvcrt.dll
0x00007fff76380000 - 0x00007fff763db000 	C:\WINDOWS\system32\sechost.dll
0x00007fff78710000 - 0x00007fff7882c000 	C:\WINDOWS\system32\RPCRT4.dll
0x00007fff768a0000 - 0x00007fff769f6000 	C:\WINDOWS\system32\USER32.dll
0x00007fff76ad0000 - 0x00007fff76c56000 	C:\WINDOWS\system32\GDI32.dll
0x00007fff676d0000 - 0x00007fff67944000 	C:\WINDOWS\WinSxS\amd64_microsoft.windows.common-controls_6595b64144ccf1df_6.0.10586.494_none_a2d8b04ea53e3145\COMCTL32.dll
0x00007fff76420000 - 0x00007fff7669d000 	C:\WINDOWS\system32\combase.dll
0x00007fff75e50000 - 0x00007fff75eba000 	C:\WINDOWS\system32\bcryptPrimitives.dll
0x00007fff78950000 - 0x00007fff7898b000 	C:\WINDOWS\system32\IMM32.DLL
0x00000000683b0000 - 0x0000000068482000 	C:\Program Files\Java\jdk1.8.0_101\jre\bin\msvcr100.dll
0x000000006ade0000 - 0x000000006b67a000 	C:\Program Files\Java\jdk1.8.0_101\jre\bin\server\jvm.dll
0x00007fff78650000 - 0x00007fff78658000 	C:\WINDOWS\system32\PSAPI.DLL
0x00007fff6c2d0000 - 0x00007fff6c2d9000 	C:\WINDOWS\SYSTEM32\WSOCK32.dll
0x00007fff78b40000 - 0x00007fff78bab000 	C:\WINDOWS\system32\WS2_32.dll
0x00007fff73780000 - 0x00007fff737a3000 	C:\WINDOWS\SYSTEM32\WINMM.dll
0x00007fff690f0000 - 0x00007fff690fa000 	C:\WINDOWS\SYSTEM32\VERSION.dll
0x00007fff73750000 - 0x00007fff7377c000 	C:\WINDOWS\SYSTEM32\WINMMBASE.dll
0x00007fff75fe0000 - 0x00007fff76023000 	C:\WINDOWS\system32\cfgmgr32.dll
0x000000006add0000 - 0x000000006addf000 	C:\Program Files\Java\jdk1.8.0_101\jre\bin\verify.dll
0x000000006ada0000 - 0x000000006adc9000 	C:\Program Files\Java\jdk1.8.0_101\jre\bin\java.dll
0x0000000067990000 - 0x00000000679c5000 	C:\Program Files\Java\jdk1.8.0_101\jre\bin\jdwp.dll
0x0000000067980000 - 0x0000000067988000 	C:\Program Files\Java\jdk1.8.0_101\jre\bin\npt.dll
0x000000006ad80000 - 0x000000006ad96000 	C:\Program Files\Java\jdk1.8.0_101\jre\bin\zip.dll
0x00007fff76c60000 - 0x00007fff781bc000 	C:\WINDOWS\system32\SHELL32.dll
0x00007fff75370000 - 0x00007fff759b5000 	C:\WINDOWS\system32\windows.storage.dll
0x00007fff78990000 - 0x00007fff789e2000 	C:\WINDOWS\system32\shlwapi.dll
0x00007fff75350000 - 0x00007fff7535f000 	C:\WINDOWS\system32\kernel.appcore.dll
0x00007fff75f20000 - 0x00007fff75fd5000 	C:\WINDOWS\system32\shcore.dll
0x00007fff752e0000 - 0x00007fff7532b000 	C:\WINDOWS\system32\powrprof.dll
0x00007fff75330000 - 0x00007fff75344000 	C:\WINDOWS\system32\profapi.dll
0x0000000067970000 - 0x0000000067979000 	C:\Program Files\Java\jdk1.8.0_101\jre\bin\dt_socket.dll
0x00007fff66900000 - 0x00007fff66916000 	C:\WINDOWS\system32\napinsp.dll
0x00007fff669e0000 - 0x00007fff669fa000 	C:\WINDOWS\system32\pnrpnsp.dll
0x00007fff72650000 - 0x00007fff72668000 	C:\WINDOWS\system32\NLAapi.dll
0x00007fff74bb0000 - 0x00007fff74c0c000 	C:\WINDOWS\System32\mswsock.dll
0x00007fff73ba0000 - 0x00007fff73c4a000 	C:\WINDOWS\SYSTEM32\DNSAPI.dll
0x00007fff763f0000 - 0x00007fff763f8000 	C:\WINDOWS\system32\NSI.dll
0x00007fff66a00000 - 0x00007fff66a0d000 	C:\WINDOWS\System32\winrnr.dll
0x00007fff66a10000 - 0x00007fff66a25000 	C:\WINDOWS\System32\wshbth.dll
0x00007fff6d130000 - 0x00007fff6d197000 	C:\WINDOWS\System32\fwpuclnt.dll
0x00007fff75210000 - 0x00007fff75239000 	C:\WINDOWS\SYSTEM32\bcrypt.dll
0x00007fff69a20000 - 0x00007fff69a2a000 	C:\Windows\System32\rasadhlp.dll
0x00007fff59230000 - 0x00007fff593bc000 	C:\WINDOWS\SYSTEM32\dbghelp.dll

VM Arguments:
jvm_args: -agentlib:jdwp=transport=dt_socket,suspend=y,address=localhost:53846 -Dfile.encoding=Cp1255 
java_command: boot.Run
java_class_path (initial): C:\Users\Yafit\Documents\workspaces\my-eclipse-ide-for-java-ee-developers44\my_commands\bin;C:\Users\Yafit\Documents\workspaces\my-eclipse-ide-for-java-ee-developers44\my_algorithms\bin
Launcher Type: SUN_STANDARD

Environment Variables:
PATH=C:/Program Files/Java/jdk1.8.0_101/jre/bin/server;C:/Program Files/Java/jdk1.8.0_101/jre/bin;C:/Program Files/Java/jdk1.8.0_101/jre/lib/amd64;C:\ProgramData\Oracle\Java\javapath;C:\Program Files (x86)\Lenovo\FusionEngine;C:\Program Files (x86)\Intel\iCLS Client\;C:\Program Files\Intel\iCLS Client\;C:\WINDOWS\system32;C:\WINDOWS;C:\WINDOWS\System32\Wbem;C:\WINDOWS\System32\WindowsPowerShell\v1.0\;C:\Program Files\Intel\Intel(R) Management Engine Components\DAL;C:\Program Files\Intel\Intel(R) Management Engine Components\IPT;C:\Program Files (x86)\Intel\Intel(R) Management Engine Components\DAL;C:\Program Files (x86)\Intel\Intel(R) Management Engine Components\IPT;C:\Program Files (x86)\Common Files\lenovo\easyplussdk\bin;C:\Program Files (x86)\Lenovo\Password Manager\;C:\Program Files (x86)\Skype\Phone\;C:\Program Files\Java\jdk1.7.0_02\bin" in the path string;C:\Program Files\Java\jdk1.8.0_101\jre\bin;C:\Users\Yafit\AppData\Local\Yatta\Launcher\installations\my-eclipse-ide-for-java-ee-developers\eclipse;
USERNAME=Yafit
OS=Windows_NT
PROCESSOR_IDENTIFIER=Intel64 Family 6 Model 69 Stepping 1, GenuineIntel



---------------  S Y S T E M  ---------------

OS: Windows 10.0 , 64 bit Build 10586 (10.0.10586.0)

CPU:total 4 (2 cores per cpu, 2 threads per core) family 6 model 69 stepping 1, cmov, cx8, fxsr, mmx, sse, sse2, sse3, ssse3, sse4.1, sse4.2, popcnt, avx, avx2, aes, clmul, erms, lzcnt, ht, tsc, tscinvbit, bmi1, bmi2

Memory: 4k page, physical 4101080k(442860k free), swap 16683992k(467092k free)

vm_info: Java HotSpot(TM) 64-Bit Server VM (25.101-b13) for windows-amd64 JRE (1.8.0_101-b13), built on Jun 22 2016 01:21:29 by "java_re" with MS VC++ 10.0 (VS2010)

time: Mon Sep 12 14:24:29 2016
elapsed time: 3134 seconds (0d 0h 52m 14s)

