#
# A fatal error has been detected by the Java Runtime Environment:
#
#  EXCEPTION_ACCESS_VIOLATION (0xc0000005) at pc=0x000000006af0a0a5, pid=384, tid=0x000000000000328c
#
# JRE version: Java(TM) SE Runtime Environment (8.0_101-b13) (build 1.8.0_101-b13)
# Java VM: Java HotSpot(TM) 64-Bit Server VM (25.101-b13 mixed mode windows-amd64 compressed oops)
# Problematic frame:
# V  [jvm.dll+0x12a0a5]
#
# Failed to write core dump. Minidumps are not enabled by default on client versions of Windows
#
# If you would like to submit a bug report, please visit:
#   http://bugreport.java.com/bugreport/crash.jsp
#

---------------  T H R E A D  ---------------

Current thread (0x0000000014f90000):  JavaThread "JDWP Transport Listener: dt_socket" daemon [_thread_in_vm, id=12940, stack(0x00000000167f0000,0x00000000168f0000)]

siginfo: ExceptionCode=0xc0000005, reading address 0x00003b656c003b74

Registers:
RAX=0x00000000168ef701, RBX=0x0000000014f90000, RCX=0x00003b656c003b74, RDX=0x0000000000000000
RSP=0x00000000168ef740, RBP=0x00003b656c003b74, RSI=0x00000000168ef858, RDI=0x00000000027397e0
R8 =0x0000000014f90000, R9 =0x0000000000000000, R10=0x0000000000000000, R11=0x0000000000000064
R12=0x0000000000000000, R13=0x0000000014f9c9b8, R14=0x0000000000000000, R15=0x0000000000000000
RIP=0x000000006af0a0a5, EFLAGS=0x0000000000010206

Top of Stack: (sp=0x00000000168ef740)
0x00000000168ef740:   0000000014f90000 0000000014f90000
0x00000000168ef750:   00000000168ef808 000000006b112f0b
0x00000000168ef760:   0000000014f90000 000000006b12f76d
0x00000000168ef770:   0000000000000000 00000000679a9155
0x00000000168ef780:   0000000014f385c0 00000000679b291e
0x00000000168ef790:   0000000014f90000 0000000000000000
0x00000000168ef7a0:   0000000000000000 0000000000000000
0x00000000168ef7b0:   00003b656c003b74 00000000679b1a15
0x00000000168ef7c0:   00000000168ef858 00000000168ef830
0x00000000168ef7d0:   0000000000000001 0000000014f385c0
0x00000000168ef7e0:   00003b656c003b74 00000000679953b3
0x00000000168ef7f0:   00000000168ef920 0000000000000001
0x00000000168ef800:   0000000000000001 0000000014f385c0
0x00000000168ef810:   0000000000000009 0000000000000000
0x00000000168ef820:   0000000000000000 0000000000000000
0x00000000168ef830:   0000000000000001 0000000067995571 

Instructions: (pc=0x000000006af0a0a5)
0x000000006af0a085:   cc cc cc cc cc cc cc cc cc cc cc 48 83 ec 28 48
0x000000006af0a095:   85 c9 75 07 33 c0 48 83 c4 28 c3 48 89 5c 24 20
0x000000006af0a0a5:   48 8b 19 48 85 db 74 20 48 83 fb 37 74 1a 48 8b
0x000000006af0a0b5:   13 48 8b cb ff 52 10 84 c0 74 0d 48 8b c3 48 8b 


Register to memory mapping:

RAX=0x00000000168ef701 is pointing into the stack for thread: 0x0000000014f90000
RBX=0x0000000014f90000 is a thread
RCX=0x00003b656c003b74 is an unknown value
RDX=0x0000000000000000 is an unknown value
RSP=0x00000000168ef740 is pointing into the stack for thread: 0x0000000014f90000
RBP=0x00003b656c003b74 is an unknown value
RSI=0x00000000168ef858 is pointing into the stack for thread: 0x0000000014f90000
RDI=0x00000000027397e0 is an unknown value
R8 =0x0000000014f90000 is a thread
R9 =0x0000000000000000 is an unknown value
R10=0x0000000000000000 is an unknown value
R11=0x0000000000000064 is an unknown value
R12=0x0000000000000000 is an unknown value
R13=0x0000000014f9c9b8 is an unknown value
R14=0x0000000000000000 is an unknown value
R15=0x0000000000000000 is an unknown value


Stack: [0x00000000167f0000,0x00000000168f0000],  sp=0x00000000168ef740,  free space=1021k
Native frames: (J=compiled Java code, j=interpreted, Vv=VM code, C=native code)
V  [jvm.dll+0x12a0a5]
V  [jvm.dll+0x34f76d]
C  [jdwp.dll+0x21a15]
C  [jdwp.dll+0x53b3]
C  [jdwp.dll+0x5571]
C  [jdwp.dll+0xf0a8]
C  [jdwp.dll+0x1f2d5]
C  [jdwp.dll+0x1f4aa]
V  [jvm.dll+0x1bd258]
V  [jvm.dll+0x2451a4]
V  [jvm.dll+0x29c18a]
C  [msvcr100.dll+0x21d9f]
C  [msvcr100.dll+0x21e3b]
C  [KERNEL32.DLL+0x18102]
C  [ntdll.dll+0x5c5b4]


---------------  P R O C E S S  ---------------

Java Threads: ( => current thread )
  0x0000000016a0b800 JavaThread "Thread-0" [_thread_in_native, id=7624, stack(0x00000000173f0000,0x00000000174f0000)]
  0x0000000016965000 JavaThread "Service Thread" daemon [_thread_blocked, id=4984, stack(0x00000000171f0000,0x00000000172f0000)]
  0x000000001695d000 JavaThread "C1 CompilerThread2" daemon [_thread_blocked, id=11964, stack(0x00000000170f0000,0x00000000171f0000)]
  0x000000001695a800 JavaThread "C2 CompilerThread1" daemon [_thread_blocked, id=14444, stack(0x0000000016ff0000,0x00000000170f0000)]
  0x00000000168ff800 JavaThread "C2 CompilerThread0" daemon [_thread_blocked, id=16020, stack(0x0000000016ef0000,0x0000000016ff0000)]
  0x00000000168f3800 JavaThread "JDWP Command Reader" daemon [_thread_in_native, id=4136, stack(0x0000000016df0000,0x0000000016ef0000)]
  0x00000000168f0800 JavaThread "JDWP Event Helper Thread" daemon [_thread_blocked, id=3564, stack(0x0000000016cf0000,0x0000000016df0000)]
=>0x0000000014f90000 JavaThread "JDWP Transport Listener: dt_socket" daemon [_thread_in_vm, id=12940, stack(0x00000000167f0000,0x00000000168f0000)]
  0x0000000014f8a800 JavaThread "Attach Listener" daemon [_thread_blocked, id=2040, stack(0x00000000163b0000,0x00000000164b0000)]
  0x0000000014f39800 JavaThread "Signal Dispatcher" daemon [_thread_blocked, id=13532, stack(0x00000000162b0000,0x00000000163b0000)]
  0x000000000293c000 JavaThread "Finalizer" daemon [_thread_blocked, id=15472, stack(0x00000000161b0000,0x00000000162b0000)]
  0x0000000002931000 JavaThread "Reference Handler" daemon [_thread_blocked, id=17080, stack(0x00000000160b0000,0x00000000161b0000)]
  0x000000000273e800 JavaThread "main" [_thread_blocked, id=12728, stack(0x0000000002740000,0x0000000002840000)]

Other Threads:
  0x0000000014f08000 VMThread [stack: 0x0000000015fb0000,0x00000000160b0000] [id=14440]
  0x00000000169cc800 WatcherThread [stack: 0x00000000172f0000,0x00000000173f0000] [id=16848]

VM state:not at safepoint (normal execution)

VM Mutex/Monitor currently owned by a thread: None

Heap:
 PSYoungGen      total 18944K, used 1966K [0x00000000eb200000, 0x00000000ec700000, 0x0000000100000000)
  eden space 16384K, 12% used [0x00000000eb200000,0x00000000eb3eb8e8,0x00000000ec200000)
  from space 2560K, 0% used [0x00000000ec480000,0x00000000ec480000,0x00000000ec700000)
  to   space 2560K, 0% used [0x00000000ec200000,0x00000000ec200000,0x00000000ec480000)
 ParOldGen       total 44032K, used 0K [0x00000000c1600000, 0x00000000c4100000, 0x00000000eb200000)
  object space 44032K, 0% used [0x00000000c1600000,0x00000000c1600000,0x00000000c4100000)
 Metaspace       used 3037K, capacity 4824K, committed 5120K, reserved 1056768K
  class space    used 339K, capacity 456K, committed 512K, reserved 1048576K

Card table byte_map: [0x0000000011d00000,0x0000000011f00000] byte_map_base: 0x00000000116f5000

Marking Bits: (ParMarkBitMap*) 0x000000006b5fa6d0
 Begin Bits: [0x0000000012450000, 0x00000000133f8000)
 End Bits:   [0x00000000133f8000, 0x00000000143a0000)

Polling page: 0x00000000025a0000

CodeCache: size=245760Kb used=1159Kb max_used=1159Kb free=244600Kb
 bounds [0x0000000002940000, 0x0000000002bb0000, 0x0000000011940000]
 total_blobs=283 nmethods=58 adapters=146
 compilation: enabled

Compilation events (10 events):
Event: 0.565 Thread 0x000000001695d000   53       1       java.net.URL::getFile (5 bytes)
Event: 0.565 Thread 0x000000001695d000 nmethod 53 0x0000000002a60b90 code [0x0000000002a60ce0, 0x0000000002a60df0]
Event: 0.569 Thread 0x000000001695d000   54       3       java.util.concurrent.ConcurrentHashMap::setTabAt (19 bytes)
Event: 0.570 Thread 0x000000001695d000 nmethod 54 0x0000000002a61210 code [0x0000000002a61360, 0x0000000002a614d0]
Event: 0.570 Thread 0x000000001695d000   56       3       sun.nio.cs.SingleByte$Encoder::encode (32 bytes)
Event: 0.570 Thread 0x000000001695d000 nmethod 56 0x0000000002a61550 code [0x0000000002a616c0, 0x0000000002a618d0]
Event: 507.492 Thread 0x000000001695d000   57       1       java.nio.Buffer::position (5 bytes)
Event: 507.492 Thread 0x000000001695d000 nmethod 57 0x0000000002a61c10 code [0x0000000002a61d60, 0x0000000002a61e70]
Event: 2896.107 Thread 0x000000001695d000   58       1       java.net.URL::getQuery (5 bytes)
Event: 2896.108 Thread 0x000000001695d000 nmethod 58 0x0000000002a61ed0 code [0x0000000002a62020, 0x0000000002a62130]

GC Heap History (0 events):
No events

Deoptimization events (0 events):
No events

Internal exceptions (2 events):
Event: 0.117 Thread 0x000000000273e800 Exception <a 'java/lang/NoSuchMethodError': Method sun.misc.Unsafe.defineClass(Ljava/lang/String;[BII)Ljava/lang/Class; name or signature does not match> (0x00000000eb207cc0) thrown at [C:\re\workspace\8-2-build-windows-amd64-cygwin\jdk8u101\7261\hotspot\s?C,9¾?
Event: 0.117 Thread 0x000000000273e800 Exception <a 'java/lang/NoSuchMethodError': Method sun.misc.Unsafe.prefetchRead(Ljava/lang/Object;J)V name or signature does not match> (0x00000000eb207fa8) thrown at [C:\re\workspace\8-2-build-windows-amd64-cygwin\jdk8u101\7261\hotspot\src\share\vm\prims\

Events (10 events):
Event: 2260.163 Executing VM operation: ChangeBreakpoints
Event: 2260.163 Executing VM operation: ChangeBreakpoints done
Event: 2896.091 loading class io/MyCompressorOutputStream
Event: 2896.091 loading class io/MyCompressorOutputStream done
Event: 2896.108 loading class io/MyDecompressorInputStream
Event: 2896.108 loading class io/MyDecompressorInputStream done
Event: 2896.109 loading class java/lang/IndexOutOfBoundsException
Event: 2896.109 loading class java/lang/IndexOutOfBoundsException done
Event: 2896.113 Executing VM operation: RedefineClasses
Event: 2896.114 Executing VM operation: RedefineClasses done


Dynamic libraries:
0x00007ff6b8d70000 - 0x00007ff6b8da7000 	C:\Program Files\Java\jdk1.8.0_101\bin\javaw.exe
0x00007fff78cc0000 - 0x00007fff78e81000 	C:\WINDOWS\SYSTEM32\ntdll.dll
0x00007fff788a0000 - 0x00007fff7894d000 	C:\WINDOWS\system32\KERNEL32.DLL
0x00007fff75c60000 - 0x00007fff75e48000 	C:\WINDOWS\system32\KERNELBASE.dll
0x00007fff78bb0000 - 0x00007fff78c57000 	C:\WINDOWS\system32\ADVAPI32.dll
0x00007fff766a0000 - 0x00007fff7673d000 	C:\WINDOWS\system32\msvcrt.dll
0x00007fff76380000 - 0x00007fff763db000 	C:\WINDOWS\system32\sechost.dll
0x00007fff78710000 - 0x00007fff7882c000 	C:\WINDOWS\system32\RPCRT4.dll
0x00007fff768a0000 - 0x00007fff769f6000 	C:\WINDOWS\system32\USER32.dll
0x00007fff76ad0000 - 0x00007fff76c56000 	C:\WINDOWS\system32\GDI32.dll
0x00007fff676d0000 - 0x00007fff67944000 	C:\WINDOWS\WinSxS\amd64_microsoft.windows.common-controls_6595b64144ccf1df_6.0.10586.494_none_a2d8b04ea53e3145\COMCTL32.dll
0x00007fff76420000 - 0x00007fff7669d000 	C:\WINDOWS\system32\combase.dll
0x00007fff75e50000 - 0x00007fff75eba000 	C:\WINDOWS\system32\bcryptPrimitives.dll
0x00007fff78950000 - 0x00007fff7898b000 	C:\WINDOWS\system32\IMM32.DLL
0x00000000683b0000 - 0x0000000068482000 	C:\Program Files\Java\jdk1.8.0_101\jre\bin\msvcr100.dll
0x000000006ade0000 - 0x000000006b67a000 	C:\Program Files\Java\jdk1.8.0_101\jre\bin\server\jvm.dll
0x00007fff78650000 - 0x00007fff78658000 	C:\WINDOWS\system32\PSAPI.DLL
0x00007fff6c2d0000 - 0x00007fff6c2d9000 	C:\WINDOWS\SYSTEM32\WSOCK32.dll
0x00007fff78b40000 - 0x00007fff78bab000 	C:\WINDOWS\system32\WS2_32.dll
0x00007fff73780000 - 0x00007fff737a3000 	C:\WINDOWS\SYSTEM32\WINMM.dll
0x00007fff690f0000 - 0x00007fff690fa000 	C:\WINDOWS\SYSTEM32\VERSION.dll
0x00007fff73750000 - 0x00007fff7377c000 	C:\WINDOWS\SYSTEM32\WINMMBASE.dll
0x00007fff75fe0000 - 0x00007fff76023000 	C:\WINDOWS\system32\cfgmgr32.dll
0x000000006add0000 - 0x000000006addf000 	C:\Program Files\Java\jdk1.8.0_101\jre\bin\verify.dll
0x000000006ada0000 - 0x000000006adc9000 	C:\Program Files\Java\jdk1.8.0_101\jre\bin\java.dll
0x0000000067990000 - 0x00000000679c5000 	C:\Program Files\Java\jdk1.8.0_101\jre\bin\jdwp.dll
0x0000000067980000 - 0x0000000067988000 	C:\Program Files\Java\jdk1.8.0_101\jre\bin\npt.dll
0x000000006ad80000 - 0x000000006ad96000 	C:\Program Files\Java\jdk1.8.0_101\jre\bin\zip.dll
0x00007fff76c60000 - 0x00007fff781bc000 	C:\WINDOWS\system32\SHELL32.dll
0x00007fff75370000 - 0x00007fff759b5000 	C:\WINDOWS\system32\windows.storage.dll
0x00007fff78990000 - 0x00007fff789e2000 	C:\WINDOWS\system32\shlwapi.dll
0x00007fff75350000 - 0x00007fff7535f000 	C:\WINDOWS\system32\kernel.appcore.dll
0x00007fff75f20000 - 0x00007fff75fd5000 	C:\WINDOWS\system32\shcore.dll
0x00007fff752e0000 - 0x00007fff7532b000 	C:\WINDOWS\system32\powrprof.dll
0x00007fff75330000 - 0x00007fff75344000 	C:\WINDOWS\system32\profapi.dll
0x0000000067970000 - 0x0000000067979000 	C:\Program Files\Java\jdk1.8.0_101\jre\bin\dt_socket.dll
0x00007fff66900000 - 0x00007fff66916000 	C:\WINDOWS\system32\napinsp.dll
0x00007fff669e0000 - 0x00007fff669fa000 	C:\WINDOWS\system32\pnrpnsp.dll
0x00007fff72650000 - 0x00007fff72668000 	C:\WINDOWS\system32\NLAapi.dll
0x00007fff74bb0000 - 0x00007fff74c0c000 	C:\WINDOWS\System32\mswsock.dll
0x00007fff73ba0000 - 0x00007fff73c4a000 	C:\WINDOWS\SYSTEM32\DNSAPI.dll
0x00007fff763f0000 - 0x00007fff763f8000 	C:\WINDOWS\system32\NSI.dll
0x00007fff66a00000 - 0x00007fff66a0d000 	C:\WINDOWS\System32\winrnr.dll
0x00007fff66a10000 - 0x00007fff66a25000 	C:\WINDOWS\System32\wshbth.dll
0x00007fff6d130000 - 0x00007fff6d197000 	C:\WINDOWS\System32\fwpuclnt.dll
0x00007fff75210000 - 0x00007fff75239000 	C:\WINDOWS\SYSTEM32\bcrypt.dll
0x00007fff69a20000 - 0x00007fff69a2a000 	C:\Windows\System32\rasadhlp.dll
0x00007fff59230000 - 0x00007fff593bc000 	C:\WINDOWS\SYSTEM32\dbghelp.dll

VM Arguments:
jvm_args: -agentlib:jdwp=transport=dt_socket,suspend=y,address=localhost:53881 -Dfile.encoding=Cp1255 
java_command: boot.Run
java_class_path (initial): C:\Users\Yafit\Documents\workspaces\my-eclipse-ide-for-java-ee-developers44\my_commands\bin;C:\Users\Yafit\Documents\workspaces\my-eclipse-ide-for-java-ee-developers44\my_algorithms\bin
Launcher Type: SUN_STANDARD

Environment Variables:
PATH=C:/Program Files/Java/jdk1.8.0_101/jre/bin/server;C:/Program Files/Java/jdk1.8.0_101/jre/bin;C:/Program Files/Java/jdk1.8.0_101/jre/lib/amd64;C:\ProgramData\Oracle\Java\javapath;C:\Program Files (x86)\Lenovo\FusionEngine;C:\Program Files (x86)\Intel\iCLS Client\;C:\Program Files\Intel\iCLS Client\;C:\WINDOWS\system32;C:\WINDOWS;C:\WINDOWS\System32\Wbem;C:\WINDOWS\System32\WindowsPowerShell\v1.0\;C:\Program Files\Intel\Intel(R) Management Engine Components\DAL;C:\Program Files\Intel\Intel(R) Management Engine Components\IPT;C:\Program Files (x86)\Intel\Intel(R) Management Engine Components\DAL;C:\Program Files (x86)\Intel\Intel(R) Management Engine Components\IPT;C:\Program Files (x86)\Common Files\lenovo\easyplussdk\bin;C:\Program Files (x86)\Lenovo\Password Manager\;C:\Program Files (x86)\Skype\Phone\;C:\Program Files\Java\jdk1.7.0_02\bin" in the path string;C:\Program Files\Java\jdk1.8.0_101\jre\bin;C:\Users\Yafit\AppData\Local\Yatta\Launcher\installations\my-eclipse-ide-for-java-ee-developers\eclipse;
USERNAME=Yafit
OS=Windows_NT
PROCESSOR_IDENTIFIER=Intel64 Family 6 Model 69 Stepping 1, GenuineIntel



---------------  S Y S T E M  ---------------

OS: Windows 10.0 , 64 bit Build 10586 (10.0.10586.0)

CPU:total 4 (2 cores per cpu, 2 threads per core) family 6 model 69 stepping 1, cmov, cx8, fxsr, mmx, sse, sse2, sse3, ssse3, sse4.1, sse4.2, popcnt, avx, avx2, aes, clmul, erms, lzcnt, ht, tsc, tscinvbit, bmi1, bmi2

Memory: 4k page, physical 4101080k(455628k free), swap 16683992k(996296k free)

vm_info: Java HotSpot(TM) 64-Bit Server VM (25.101-b13) for windows-amd64 JRE (1.8.0_101-b13), built on Jun 22 2016 01:21:29 by "java_re" with MS VC++ 10.0 (VS2010)

time: Mon Sep 12 14:24:30 2016
elapsed time: 2896 seconds (0d 0h 48m 16s)

